{"uuid":"c99eff45-6c23-4041-8a4c-8adcf91296b8","historyId":"827a2a348d8a1ac87bbe40f6ad6aeb95","fullName":"src/test/resources/features/api/sign_in_user.feature:4","labels":[{"name":"tag","value":"api"},{"name":"tag","value":"sign-in"},{"name":"host","value":"Stephans-MacBook-Pro.local"},{"name":"thread","value":"69332@Stephans-MacBook-Pro.local.main(1)"},{"name":"feature","value":"User Sign-in Service (API)"},{"name":"story","value":"User sign-in happy path"},{"name":"suite","value":"User Sign-in Service (API)"},{"name":"testClass","value":"User sign-in happy path"},{"name":"framework","value":"cucumber4jvm"},{"name":"language","value":"java"},{"name":"gherkin_uri","value":"file:///Users/sb/IdeaProjects/topstep-api-ui-automation/src/test/resources/features/api/sign_in_user.feature"},{"name":"package","value":"src.test.resources.features.api.sign_in_user_feature.User Sign-in Service (API)"}],"links":[],"name":"User sign-in happy path","status":"broken","statusDetails":{"known":false,"muted":false,"flaky":false,"message":"com.fasterxml.jackson.databind.exc.UnrecognizedPropertyException: Unrecognized field \"hide_switch_practice_account_modal\" (class com.topstep.model.signinmanagementservice.response.User), not marked as ignorable (53 known properties: \"welcome_video_viewed\", \"coach_t_modal_viewed\", \"avatar_url\", \"mobile_verification_attempts\", \"first_reset_discount_code_id\", \"has_accepted_trade_station_agreement\", \"confirmed_at\", \"last_name\", \"legacy_user_id\", \"id\", \"email\", \"allow_trial\", \"has_tradingview\", \"profile\", \"user_cohorts\", \"has_live_tradovate_user\", \"hide_insights_onboarding_modal\", \"approved_agreements\", \"can_buy_topstep_x\", \"updated_at\", \"first_name\", \"chart_overview_modal_viewed\", \"alerts_menu_viewed\", \"show_daily_journal_modal\", \"has_payment_problem\", \"show_funded_password_modal\", \"has_step_1\", \"daily_journal_modal_viewed\", \"mobile_verified\", \"address_id\", \"affiliate\", \"mobile_verification_number\", \"has_datamarket_payment_problem\", \"username\", \"trial_days_remaining\", \"referral_link\", \"has_tradovate\", \"integration_id\", \"has_funded\", \"created_at\", \"confirmation_token\", \"new_user_onboarding\", \"profile_id\", \"status\", \"has_quantower\", \"address\", \"show_new_sub_practice_account_modal\", \"has_topstepx\", \"has_t4\" [truncated]])\n at [Source: REDACTED (`StreamReadFeature.INCLUDE_SOURCE_IN_LOCATION` disabled); line: 1, column: 814] (through reference chain: com.topstep.model.signinmanagementservice.response.SignInSuccessfulResponse[\"user\"]->com.topstep.model.signinmanagementservice.response.User[\"hide_switch_practice_account_modal\"])","trace":"java.lang.RuntimeException: com.fasterxml.jackson.databind.exc.UnrecognizedPropertyException: Unrecognized field \"hide_switch_practice_account_modal\" (class com.topstep.model.signinmanagementservice.response.User), not marked as ignorable (53 known properties: \"welcome_video_viewed\", \"coach_t_modal_viewed\", \"avatar_url\", \"mobile_verification_attempts\", \"first_reset_discount_code_id\", \"has_accepted_trade_station_agreement\", \"confirmed_at\", \"last_name\", \"legacy_user_id\", \"id\", \"email\", \"allow_trial\", \"has_tradingview\", \"profile\", \"user_cohorts\", \"has_live_tradovate_user\", \"hide_insights_onboarding_modal\", \"approved_agreements\", \"can_buy_topstep_x\", \"updated_at\", \"first_name\", \"chart_overview_modal_viewed\", \"alerts_menu_viewed\", \"show_daily_journal_modal\", \"has_payment_problem\", \"show_funded_password_modal\", \"has_step_1\", \"daily_journal_modal_viewed\", \"mobile_verified\", \"address_id\", \"affiliate\", \"mobile_verification_number\", \"has_datamarket_payment_problem\", \"username\", \"trial_days_remaining\", \"referral_link\", \"has_tradovate\", \"integration_id\", \"has_funded\", \"created_at\", \"confirmation_token\", \"new_user_onboarding\", \"profile_id\", \"status\", \"has_quantower\", \"address\", \"show_new_sub_practice_account_modal\", \"has_topstepx\", \"has_t4\" [truncated]])\n at [Source: REDACTED (`StreamReadFeature.INCLUDE_SOURCE_IN_LOCATION` disabled); line: 1, column: 814] (through reference chain: com.topstep.model.signinmanagementservice.response.SignInSuccessfulResponse[\"user\"]->com.topstep.model.signinmanagementservice.response.User[\"hide_switch_practice_account_modal\"])\n\tat io.restassured.internal.path.json.mapping.JsonPathJackson2ObjectDeserializer.deserialize(JsonPathJackson2ObjectDeserializer.java:30)\n\tat io.restassured.path.json.mapping.JsonPathObjectDeserializer$deserialize.call(Unknown Source)\n\tat org.codehaus.groovy.runtime.callsite.CallSiteArray.defaultCall(CallSiteArray.java:45)\n\tat org.codehaus.groovy.runtime.callsite.AbstractCallSite.call(AbstractCallSite.java:125)\n\tat org.codehaus.groovy.runtime.callsite.AbstractCallSite.call(AbstractCallSite.java:139)\n\tat io.restassured.internal.mapping.Jackson2Mapper.deserialize(Jackson2Mapper.groovy:58)\n\tat io.restassured.mapper.ObjectMapper$deserialize.call(Unknown Source)\n\tat org.codehaus.groovy.runtime.callsite.CallSiteArray.defaultCall(CallSiteArray.java:45)\n\tat org.codehaus.groovy.runtime.callsite.AbstractCallSite.call(AbstractCallSite.java:125)\n\tat org.codehaus.groovy.runtime.callsite.AbstractCallSite.call(AbstractCallSite.java:139)\n\tat io.restassured.internal.mapping.ObjectMapping.parseWithJackson2(ObjectMapping.groovy:254)\n\tat io.restassured.internal.mapping.ObjectMapping$parseWithJackson2$0.callStatic(Unknown Source)\n\tat org.codehaus.groovy.runtime.callsite.CallSiteArray.defaultCallStatic(CallSiteArray.java:53)\n\tat org.codehaus.groovy.runtime.callsite.AbstractCallSite.callStatic(AbstractCallSite.java:217)\n\tat org.codehaus.groovy.runtime.callsite.AbstractCallSite.callStatic(AbstractCallSite.java:240)\n\tat io.restassured.internal.mapping.ObjectMapping.deserialize(ObjectMapping.groovy:56)\n\tat io.restassured.internal.mapping.ObjectMapping$deserialize.call(Unknown Source)\n\tat org.codehaus.groovy.runtime.callsite.CallSiteArray.defaultCall(CallSiteArray.java:45)\n\tat org.codehaus.groovy.runtime.callsite.AbstractCallSite.call(AbstractCallSite.java:125)\n\tat io.restassured.internal.RestAssuredResponseOptionsGroovyImpl.as(RestAssuredResponseOptionsGroovyImpl.groovy:229)\n\tat io.restassured.internal.RestAssuredResponseOptionsImpl.as(RestAssuredResponseOptionsImpl.java:169)\n\tat com.topstep.stepdefinitions.api.SignInStepsDef.user_sends_a_post_request_to_the_sign_in_endpoint_with_these_credentials(SignInStepsDef.java:52)\n\tat ✽.User sends a POST request to the sign-in endpoint with these credentials(file:///Users/sb/IdeaProjects/topstep-api-ui-automation/src/test/resources/features/api/sign_in_user.feature:6)\nCaused by: com.fasterxml.jackson.databind.exc.UnrecognizedPropertyException: Unrecognized field \"hide_switch_practice_account_modal\" (class com.topstep.model.signinmanagementservice.response.User), not marked as ignorable (53 known properties: \"welcome_video_viewed\", \"coach_t_modal_viewed\", \"avatar_url\", \"mobile_verification_attempts\", \"first_reset_discount_code_id\", \"has_accepted_trade_station_agreement\", \"confirmed_at\", \"last_name\", \"legacy_user_id\", \"id\", \"email\", \"allow_trial\", \"has_tradingview\", \"profile\", \"user_cohorts\", \"has_live_tradovate_user\", \"hide_insights_onboarding_modal\", \"approved_agreements\", \"can_buy_topstep_x\", \"updated_at\", \"first_name\", \"chart_overview_modal_viewed\", \"alerts_menu_viewed\", \"show_daily_journal_modal\", \"has_payment_problem\", \"show_funded_password_modal\", \"has_step_1\", \"daily_journal_modal_viewed\", \"mobile_verified\", \"address_id\", \"affiliate\", \"mobile_verification_number\", \"has_datamarket_payment_problem\", \"username\", \"trial_days_remaining\", \"referral_link\", \"has_tradovate\", \"integration_id\", \"has_funded\", \"created_at\", \"confirmation_token\", \"new_user_onboarding\", \"profile_id\", \"status\", \"has_quantower\", \"address\", \"show_new_sub_practice_account_modal\", \"has_topstepx\", \"has_t4\" [truncated]])\n at [Source: REDACTED (`StreamReadFeature.INCLUDE_SOURCE_IN_LOCATION` disabled); line: 1, column: 814] (through reference chain: com.topstep.model.signinmanagementservice.response.SignInSuccessfulResponse[\"user\"]->com.topstep.model.signinmanagementservice.response.User[\"hide_switch_practice_account_modal\"])\n\tat com.fasterxml.jackson.databind.exc.UnrecognizedPropertyException.from(UnrecognizedPropertyException.java:61)\n\tat com.fasterxml.jackson.databind.DeserializationContext.handleUnknownProperty(DeserializationContext.java:1153)\n\tat com.fasterxml.jackson.databind.deser.std.StdDeserializer.handleUnknownProperty(StdDeserializer.java:2224)\n\tat com.fasterxml.jackson.databind.deser.BeanDeserializerBase.handleUnknownProperty(BeanDeserializerBase.java:1793)\n\tat com.fasterxml.jackson.databind.deser.BeanDeserializerBase.handleUnknownVanilla(BeanDeserializerBase.java:1771)\n\tat com.fasterxml.jackson.databind.deser.BeanDeserializer.vanillaDeserialize(BeanDeserializer.java:316)\n\tat com.fasterxml.jackson.databind.deser.BeanDeserializer.deserialize(BeanDeserializer.java:177)\n\tat com.fasterxml.jackson.databind.deser.impl.MethodProperty.deserializeAndSet(MethodProperty.java:129)\n\tat com.fasterxml.jackson.databind.deser.BeanDeserializer.vanillaDeserialize(BeanDeserializer.java:310)\n\tat com.fasterxml.jackson.databind.deser.BeanDeserializer.deserialize(BeanDeserializer.java:177)\n\tat com.fasterxml.jackson.databind.deser.DefaultDeserializationContext.readRootValue(DefaultDeserializationContext.java:342)\n\tat com.fasterxml.jackson.databind.ObjectMapper._readMapAndClose(ObjectMapper.java:4899)\n\tat com.fasterxml.jackson.databind.ObjectMapper.readValue(ObjectMapper.java:3846)\n\tat io.restassured.internal.path.json.mapping.JsonPathJackson2ObjectDeserializer.deserialize(JsonPathJackson2ObjectDeserializer.java:28)\n\tat io.restassured.path.json.mapping.JsonPathObjectDeserializer$deserialize.call(Unknown Source)\n\tat org.codehaus.groovy.runtime.callsite.CallSiteArray.defaultCall(CallSiteArray.java:45)\n\tat org.codehaus.groovy.runtime.callsite.AbstractCallSite.call(AbstractCallSite.java:125)\n\tat org.codehaus.groovy.runtime.callsite.AbstractCallSite.call(AbstractCallSite.java:139)\n\tat io.restassured.internal.mapping.Jackson2Mapper.deserialize(Jackson2Mapper.groovy:58)\n\tat io.restassured.mapper.ObjectMapper$deserialize.call(Unknown Source)\n\tat org.codehaus.groovy.runtime.callsite.CallSiteArray.defaultCall(CallSiteArray.java:45)\n\tat org.codehaus.groovy.runtime.callsite.AbstractCallSite.call(AbstractCallSite.java:125)\n\tat org.codehaus.groovy.runtime.callsite.AbstractCallSite.call(AbstractCallSite.java:139)\n\tat io.restassured.internal.mapping.ObjectMapping.parseWithJackson2(ObjectMapping.groovy:254)\n\tat io.restassured.internal.mapping.ObjectMapping$parseWithJackson2$0.callStatic(Unknown Source)\n\tat org.codehaus.groovy.runtime.callsite.CallSiteArray.defaultCallStatic(CallSiteArray.java:53)\n\tat org.codehaus.groovy.runtime.callsite.AbstractCallSite.callStatic(AbstractCallSite.java:217)\n\tat org.codehaus.groovy.runtime.callsite.AbstractCallSite.callStatic(AbstractCallSite.java:240)\n\tat io.restassured.internal.mapping.ObjectMapping.deserialize(ObjectMapping.groovy:56)\n\tat io.restassured.internal.mapping.ObjectMapping$deserialize.call(Unknown Source)\n\tat org.codehaus.groovy.runtime.callsite.CallSiteArray.defaultCall(CallSiteArray.java:45)\n\tat org.codehaus.groovy.runtime.callsite.AbstractCallSite.call(AbstractCallSite.java:125)\n\tat io.restassured.internal.RestAssuredResponseOptionsGroovyImpl.as(RestAssuredResponseOptionsGroovyImpl.groovy:229)\n\tat io.restassured.internal.RestAssuredResponseOptionsImpl.as(RestAssuredResponseOptionsImpl.java:169)\n\tat com.topstep.stepdefinitions.api.SignInStepsDef.user_sends_a_post_request_to_the_sign_in_endpoint_with_these_credentials(SignInStepsDef.java:52)\n\tat java.base/jdk.internal.reflect.NativeMethodAccessorImpl.invoke0(Native Method)\n\tat java.base/jdk.internal.reflect.NativeMethodAccessorImpl.invoke(NativeMethodAccessorImpl.java:62)\n\tat java.base/jdk.internal.reflect.DelegatingMethodAccessorImpl.invoke(DelegatingMethodAccessorImpl.java:43)\n\tat java.base/java.lang.reflect.Method.invoke(Method.java:566)\n\tat io.cucumber.java.Invoker.doInvoke(Invoker.java:66)\n\tat io.cucumber.java.Invoker.invoke(Invoker.java:24)\n\tat io.cucumber.java.AbstractGlueDefinition.invokeMethod(AbstractGlueDefinition.java:47)\n\tat io.cucumber.java.JavaStepDefinition.execute(JavaStepDefinition.java:29)\n\tat io.cucumber.core.runner.CoreStepDefinition.execute(CoreStepDefinition.java:66)\n\tat io.cucumber.core.runner.PickleStepDefinitionMatch.runStep(PickleStepDefinitionMatch.java:63)\n\tat io.cucumber.core.runner.ExecutionMode$1.execute(ExecutionMode.java:10)\n\tat io.cucumber.core.runner.TestStep.executeStep(TestStep.java:84)\n\tat io.cucumber.core.runner.TestStep.run(TestStep.java:56)\n\tat io.cucumber.core.runner.PickleStepTestStep.run(PickleStepTestStep.java:51)\n\tat io.cucumber.core.runner.TestCase.run(TestCase.java:84)\n\tat io.cucumber.core.runner.Runner.runPickle(Runner.java:75)\n\tat io.cucumber.junit.PickleRunners$NoStepDescriptions.lambda$run$0(PickleRunners.java:151)\n\tat io.cucumber.core.runtime.CucumberExecutionContext.lambda$runTestCase$5(CucumberExecutionContext.java:137)\n\tat io.cucumber.core.runtime.RethrowingThrowableCollector.executeAndThrow(RethrowingThrowableCollector.java:23)\n\tat io.cucumber.core.runtime.CucumberExecutionContext.runTestCase(CucumberExecutionContext.java:137)\n\tat io.cucumber.junit.PickleRunners$NoStepDescriptions.run(PickleRunners.java:148)\n\tat io.cucumber.junit.FeatureRunner.runChild(FeatureRunner.java:144)\n\tat io.cucumber.junit.FeatureRunner.runChild(FeatureRunner.java:28)\n\tat org.junit.runners.ParentRunner$4.run(ParentRunner.java:331)\n\tat org.junit.runners.ParentRunner$1.schedule(ParentRunner.java:79)\n\tat org.junit.runners.ParentRunner.runChildren(ParentRunner.java:329)\n\tat org.junit.runners.ParentRunner.access$100(ParentRunner.java:66)\n\tat org.junit.runners.ParentRunner$2.evaluate(ParentRunner.java:293)\n\tat org.junit.runners.ParentRunner$3.evaluate(ParentRunner.java:306)\n\tat org.junit.runners.ParentRunner.run(ParentRunner.java:413)\n\tat io.cucumber.junit.FeatureRunner.run(FeatureRunner.java:137)\n\tat io.cucumber.junit.Cucumber.runChild(Cucumber.java:196)\n\tat io.cucumber.junit.Cucumber.runChild(Cucumber.java:89)\n\tat org.junit.runners.ParentRunner$4.run(ParentRunner.java:331)\n\tat org.junit.runners.ParentRunner$1.schedule(ParentRunner.java:79)\n\tat org.junit.runners.ParentRunner.runChildren(ParentRunner.java:329)\n\tat org.junit.runners.ParentRunner.access$100(ParentRunner.java:66)\n\tat org.junit.runners.ParentRunner$2.evaluate(ParentRunner.java:293)\n\tat io.cucumber.core.runtime.CucumberExecutionContext.lambda$runFeatures$6(CucumberExecutionContext.java:148)\n\tat io.cucumber.core.runtime.CucumberExecutionContext.execute(CucumberExecutionContext.java:163)\n\tat io.cucumber.core.runtime.CucumberExecutionContext.runFeatures(CucumberExecutionContext.java:146)\n\tat io.cucumber.junit.Cucumber$StartAndFinishTestRun.evaluate(Cucumber.java:226)\n\tat org.junit.runners.ParentRunner$3.evaluate(ParentRunner.java:306)\n\tat org.junit.runners.ParentRunner.run(ParentRunner.java:413)\n\tat org.apache.maven.surefire.junit4.JUnit4Provider.execute(JUnit4Provider.java:316)\n\tat org.apache.maven.surefire.junit4.JUnit4Provider.executeWithRerun(JUnit4Provider.java:240)\n\tat org.apache.maven.surefire.junit4.JUnit4Provider.executeTestSet(JUnit4Provider.java:214)\n\tat org.apache.maven.surefire.junit4.JUnit4Provider.invoke(JUnit4Provider.java:155)\n\tat org.apache.maven.surefire.booter.ForkedBooter.runSuitesInProcess(ForkedBooter.java:385)\n\tat org.apache.maven.surefire.booter.ForkedBooter.execute(ForkedBooter.java:162)\n\tat org.apache.maven.surefire.booter.ForkedBooter.run(ForkedBooter.java:507)\n\tat org.apache.maven.surefire.booter.ForkedBooter.main(ForkedBooter.java:495)\n"},"stage":"finished","steps":[{"name":"Given  User has a set of credentials of \"brauberg27\" and \"Topstep1!\" and \"8914e4bcde2eed17b537f68e942e047e\"","status":"passed","statusDetails":{"known":false,"muted":false,"flaky":false},"stage":"finished","steps":[],"attachments":[],"parameters":[],"start":1720377862610,"stop":1720377862615},{"name":"When  User sends a POST request to the sign-in endpoint with these credentials","status":"broken","statusDetails":{"known":false,"muted":false,"flaky":false,"message":"com.fasterxml.jackson.databind.exc.UnrecognizedPropertyException: Unrecognized field \"hide_switch_practice_account_modal\" (class com.topstep.model.signinmanagementservice.response.User), not marked as ignorable (53 known properties: \"welcome_video_viewed\", \"coach_t_modal_viewed\", \"avatar_url\", \"mobile_verification_attempts\", \"first_reset_discount_code_id\", \"has_accepted_trade_station_agreement\", \"confirmed_at\", \"last_name\", \"legacy_user_id\", \"id\", \"email\", \"allow_trial\", \"has_tradingview\", \"profile\", \"user_cohorts\", \"has_live_tradovate_user\", \"hide_insights_onboarding_modal\", \"approved_agreements\", \"can_buy_topstep_x\", \"updated_at\", \"first_name\", \"chart_overview_modal_viewed\", \"alerts_menu_viewed\", \"show_daily_journal_modal\", \"has_payment_problem\", \"show_funded_password_modal\", \"has_step_1\", \"daily_journal_modal_viewed\", \"mobile_verified\", \"address_id\", \"affiliate\", \"mobile_verification_number\", \"has_datamarket_payment_problem\", \"username\", \"trial_days_remaining\", \"referral_link\", \"has_tradovate\", \"integration_id\", \"has_funded\", \"created_at\", \"confirmation_token\", \"new_user_onboarding\", \"profile_id\", \"status\", \"has_quantower\", \"address\", \"show_new_sub_practice_account_modal\", \"has_topstepx\", \"has_t4\" [truncated]])\n at [Source: REDACTED (`StreamReadFeature.INCLUDE_SOURCE_IN_LOCATION` disabled); line: 1, column: 814] (through reference chain: com.topstep.model.signinmanagementservice.response.SignInSuccessfulResponse[\"user\"]->com.topstep.model.signinmanagementservice.response.User[\"hide_switch_practice_account_modal\"])","trace":"java.lang.RuntimeException: com.fasterxml.jackson.databind.exc.UnrecognizedPropertyException: Unrecognized field \"hide_switch_practice_account_modal\" (class com.topstep.model.signinmanagementservice.response.User), not marked as ignorable (53 known properties: \"welcome_video_viewed\", \"coach_t_modal_viewed\", \"avatar_url\", \"mobile_verification_attempts\", \"first_reset_discount_code_id\", \"has_accepted_trade_station_agreement\", \"confirmed_at\", \"last_name\", \"legacy_user_id\", \"id\", \"email\", \"allow_trial\", \"has_tradingview\", \"profile\", \"user_cohorts\", \"has_live_tradovate_user\", \"hide_insights_onboarding_modal\", \"approved_agreements\", \"can_buy_topstep_x\", \"updated_at\", \"first_name\", \"chart_overview_modal_viewed\", \"alerts_menu_viewed\", \"show_daily_journal_modal\", \"has_payment_problem\", \"show_funded_password_modal\", \"has_step_1\", \"daily_journal_modal_viewed\", \"mobile_verified\", \"address_id\", \"affiliate\", \"mobile_verification_number\", \"has_datamarket_payment_problem\", \"username\", \"trial_days_remaining\", \"referral_link\", \"has_tradovate\", \"integration_id\", \"has_funded\", \"created_at\", \"confirmation_token\", \"new_user_onboarding\", \"profile_id\", \"status\", \"has_quantower\", \"address\", \"show_new_sub_practice_account_modal\", \"has_topstepx\", \"has_t4\" [truncated]])\n at [Source: REDACTED (`StreamReadFeature.INCLUDE_SOURCE_IN_LOCATION` disabled); line: 1, column: 814] (through reference chain: com.topstep.model.signinmanagementservice.response.SignInSuccessfulResponse[\"user\"]->com.topstep.model.signinmanagementservice.response.User[\"hide_switch_practice_account_modal\"])\n\tat io.restassured.internal.path.json.mapping.JsonPathJackson2ObjectDeserializer.deserialize(JsonPathJackson2ObjectDeserializer.java:30)\n\tat io.restassured.path.json.mapping.JsonPathObjectDeserializer$deserialize.call(Unknown Source)\n\tat org.codehaus.groovy.runtime.callsite.CallSiteArray.defaultCall(CallSiteArray.java:45)\n\tat org.codehaus.groovy.runtime.callsite.AbstractCallSite.call(AbstractCallSite.java:125)\n\tat org.codehaus.groovy.runtime.callsite.AbstractCallSite.call(AbstractCallSite.java:139)\n\tat io.restassured.internal.mapping.Jackson2Mapper.deserialize(Jackson2Mapper.groovy:58)\n\tat io.restassured.mapper.ObjectMapper$deserialize.call(Unknown Source)\n\tat org.codehaus.groovy.runtime.callsite.CallSiteArray.defaultCall(CallSiteArray.java:45)\n\tat org.codehaus.groovy.runtime.callsite.AbstractCallSite.call(AbstractCallSite.java:125)\n\tat org.codehaus.groovy.runtime.callsite.AbstractCallSite.call(AbstractCallSite.java:139)\n\tat io.restassured.internal.mapping.ObjectMapping.parseWithJackson2(ObjectMapping.groovy:254)\n\tat io.restassured.internal.mapping.ObjectMapping$parseWithJackson2$0.callStatic(Unknown Source)\n\tat org.codehaus.groovy.runtime.callsite.CallSiteArray.defaultCallStatic(CallSiteArray.java:53)\n\tat org.codehaus.groovy.runtime.callsite.AbstractCallSite.callStatic(AbstractCallSite.java:217)\n\tat org.codehaus.groovy.runtime.callsite.AbstractCallSite.callStatic(AbstractCallSite.java:240)\n\tat io.restassured.internal.mapping.ObjectMapping.deserialize(ObjectMapping.groovy:56)\n\tat io.restassured.internal.mapping.ObjectMapping$deserialize.call(Unknown Source)\n\tat org.codehaus.groovy.runtime.callsite.CallSiteArray.defaultCall(CallSiteArray.java:45)\n\tat org.codehaus.groovy.runtime.callsite.AbstractCallSite.call(AbstractCallSite.java:125)\n\tat io.restassured.internal.RestAssuredResponseOptionsGroovyImpl.as(RestAssuredResponseOptionsGroovyImpl.groovy:229)\n\tat io.restassured.internal.RestAssuredResponseOptionsImpl.as(RestAssuredResponseOptionsImpl.java:169)\n\tat com.topstep.stepdefinitions.api.SignInStepsDef.user_sends_a_post_request_to_the_sign_in_endpoint_with_these_credentials(SignInStepsDef.java:52)\n\tat ✽.User sends a POST request to the sign-in endpoint with these credentials(file:///Users/sb/IdeaProjects/topstep-api-ui-automation/src/test/resources/features/api/sign_in_user.feature:6)\nCaused by: com.fasterxml.jackson.databind.exc.UnrecognizedPropertyException: Unrecognized field \"hide_switch_practice_account_modal\" (class com.topstep.model.signinmanagementservice.response.User), not marked as ignorable (53 known properties: \"welcome_video_viewed\", \"coach_t_modal_viewed\", \"avatar_url\", \"mobile_verification_attempts\", \"first_reset_discount_code_id\", \"has_accepted_trade_station_agreement\", \"confirmed_at\", \"last_name\", \"legacy_user_id\", \"id\", \"email\", \"allow_trial\", \"has_tradingview\", \"profile\", \"user_cohorts\", \"has_live_tradovate_user\", \"hide_insights_onboarding_modal\", \"approved_agreements\", \"can_buy_topstep_x\", \"updated_at\", \"first_name\", \"chart_overview_modal_viewed\", \"alerts_menu_viewed\", \"show_daily_journal_modal\", \"has_payment_problem\", \"show_funded_password_modal\", \"has_step_1\", \"daily_journal_modal_viewed\", \"mobile_verified\", \"address_id\", \"affiliate\", \"mobile_verification_number\", \"has_datamarket_payment_problem\", \"username\", \"trial_days_remaining\", \"referral_link\", \"has_tradovate\", \"integration_id\", \"has_funded\", \"created_at\", \"confirmation_token\", \"new_user_onboarding\", \"profile_id\", \"status\", \"has_quantower\", \"address\", \"show_new_sub_practice_account_modal\", \"has_topstepx\", \"has_t4\" [truncated]])\n at [Source: REDACTED (`StreamReadFeature.INCLUDE_SOURCE_IN_LOCATION` disabled); line: 1, column: 814] (through reference chain: com.topstep.model.signinmanagementservice.response.SignInSuccessfulResponse[\"user\"]->com.topstep.model.signinmanagementservice.response.User[\"hide_switch_practice_account_modal\"])\n\tat com.fasterxml.jackson.databind.exc.UnrecognizedPropertyException.from(UnrecognizedPropertyException.java:61)\n\tat com.fasterxml.jackson.databind.DeserializationContext.handleUnknownProperty(DeserializationContext.java:1153)\n\tat com.fasterxml.jackson.databind.deser.std.StdDeserializer.handleUnknownProperty(StdDeserializer.java:2224)\n\tat com.fasterxml.jackson.databind.deser.BeanDeserializerBase.handleUnknownProperty(BeanDeserializerBase.java:1793)\n\tat com.fasterxml.jackson.databind.deser.BeanDeserializerBase.handleUnknownVanilla(BeanDeserializerBase.java:1771)\n\tat com.fasterxml.jackson.databind.deser.BeanDeserializer.vanillaDeserialize(BeanDeserializer.java:316)\n\tat com.fasterxml.jackson.databind.deser.BeanDeserializer.deserialize(BeanDeserializer.java:177)\n\tat com.fasterxml.jackson.databind.deser.impl.MethodProperty.deserializeAndSet(MethodProperty.java:129)\n\tat com.fasterxml.jackson.databind.deser.BeanDeserializer.vanillaDeserialize(BeanDeserializer.java:310)\n\tat com.fasterxml.jackson.databind.deser.BeanDeserializer.deserialize(BeanDeserializer.java:177)\n\tat com.fasterxml.jackson.databind.deser.DefaultDeserializationContext.readRootValue(DefaultDeserializationContext.java:342)\n\tat com.fasterxml.jackson.databind.ObjectMapper._readMapAndClose(ObjectMapper.java:4899)\n\tat com.fasterxml.jackson.databind.ObjectMapper.readValue(ObjectMapper.java:3846)\n\tat io.restassured.internal.path.json.mapping.JsonPathJackson2ObjectDeserializer.deserialize(JsonPathJackson2ObjectDeserializer.java:28)\n\tat io.restassured.path.json.mapping.JsonPathObjectDeserializer$deserialize.call(Unknown Source)\n\tat org.codehaus.groovy.runtime.callsite.CallSiteArray.defaultCall(CallSiteArray.java:45)\n\tat org.codehaus.groovy.runtime.callsite.AbstractCallSite.call(AbstractCallSite.java:125)\n\tat org.codehaus.groovy.runtime.callsite.AbstractCallSite.call(AbstractCallSite.java:139)\n\tat io.restassured.internal.mapping.Jackson2Mapper.deserialize(Jackson2Mapper.groovy:58)\n\tat io.restassured.mapper.ObjectMapper$deserialize.call(Unknown Source)\n\tat org.codehaus.groovy.runtime.callsite.CallSiteArray.defaultCall(CallSiteArray.java:45)\n\tat org.codehaus.groovy.runtime.callsite.AbstractCallSite.call(AbstractCallSite.java:125)\n\tat org.codehaus.groovy.runtime.callsite.AbstractCallSite.call(AbstractCallSite.java:139)\n\tat io.restassured.internal.mapping.ObjectMapping.parseWithJackson2(ObjectMapping.groovy:254)\n\tat io.restassured.internal.mapping.ObjectMapping$parseWithJackson2$0.callStatic(Unknown Source)\n\tat org.codehaus.groovy.runtime.callsite.CallSiteArray.defaultCallStatic(CallSiteArray.java:53)\n\tat org.codehaus.groovy.runtime.callsite.AbstractCallSite.callStatic(AbstractCallSite.java:217)\n\tat org.codehaus.groovy.runtime.callsite.AbstractCallSite.callStatic(AbstractCallSite.java:240)\n\tat io.restassured.internal.mapping.ObjectMapping.deserialize(ObjectMapping.groovy:56)\n\tat io.restassured.internal.mapping.ObjectMapping$deserialize.call(Unknown Source)\n\tat org.codehaus.groovy.runtime.callsite.CallSiteArray.defaultCall(CallSiteArray.java:45)\n\tat org.codehaus.groovy.runtime.callsite.AbstractCallSite.call(AbstractCallSite.java:125)\n\tat io.restassured.internal.RestAssuredResponseOptionsGroovyImpl.as(RestAssuredResponseOptionsGroovyImpl.groovy:229)\n\tat io.restassured.internal.RestAssuredResponseOptionsImpl.as(RestAssuredResponseOptionsImpl.java:169)\n\tat com.topstep.stepdefinitions.api.SignInStepsDef.user_sends_a_post_request_to_the_sign_in_endpoint_with_these_credentials(SignInStepsDef.java:52)\n\tat java.base/jdk.internal.reflect.NativeMethodAccessorImpl.invoke0(Native Method)\n\tat java.base/jdk.internal.reflect.NativeMethodAccessorImpl.invoke(NativeMethodAccessorImpl.java:62)\n\tat java.base/jdk.internal.reflect.DelegatingMethodAccessorImpl.invoke(DelegatingMethodAccessorImpl.java:43)\n\tat java.base/java.lang.reflect.Method.invoke(Method.java:566)\n\tat io.cucumber.java.Invoker.doInvoke(Invoker.java:66)\n\tat io.cucumber.java.Invoker.invoke(Invoker.java:24)\n\tat io.cucumber.java.AbstractGlueDefinition.invokeMethod(AbstractGlueDefinition.java:47)\n\tat io.cucumber.java.JavaStepDefinition.execute(JavaStepDefinition.java:29)\n\tat io.cucumber.core.runner.CoreStepDefinition.execute(CoreStepDefinition.java:66)\n\tat io.cucumber.core.runner.PickleStepDefinitionMatch.runStep(PickleStepDefinitionMatch.java:63)\n\tat io.cucumber.core.runner.ExecutionMode$1.execute(ExecutionMode.java:10)\n\tat io.cucumber.core.runner.TestStep.executeStep(TestStep.java:84)\n\tat io.cucumber.core.runner.TestStep.run(TestStep.java:56)\n\tat io.cucumber.core.runner.PickleStepTestStep.run(PickleStepTestStep.java:51)\n\tat io.cucumber.core.runner.TestCase.run(TestCase.java:84)\n\tat io.cucumber.core.runner.Runner.runPickle(Runner.java:75)\n\tat io.cucumber.junit.PickleRunners$NoStepDescriptions.lambda$run$0(PickleRunners.java:151)\n\tat io.cucumber.core.runtime.CucumberExecutionContext.lambda$runTestCase$5(CucumberExecutionContext.java:137)\n\tat io.cucumber.core.runtime.RethrowingThrowableCollector.executeAndThrow(RethrowingThrowableCollector.java:23)\n\tat io.cucumber.core.runtime.CucumberExecutionContext.runTestCase(CucumberExecutionContext.java:137)\n\tat io.cucumber.junit.PickleRunners$NoStepDescriptions.run(PickleRunners.java:148)\n\tat io.cucumber.junit.FeatureRunner.runChild(FeatureRunner.java:144)\n\tat io.cucumber.junit.FeatureRunner.runChild(FeatureRunner.java:28)\n\tat org.junit.runners.ParentRunner$4.run(ParentRunner.java:331)\n\tat org.junit.runners.ParentRunner$1.schedule(ParentRunner.java:79)\n\tat org.junit.runners.ParentRunner.runChildren(ParentRunner.java:329)\n\tat org.junit.runners.ParentRunner.access$100(ParentRunner.java:66)\n\tat org.junit.runners.ParentRunner$2.evaluate(ParentRunner.java:293)\n\tat org.junit.runners.ParentRunner$3.evaluate(ParentRunner.java:306)\n\tat org.junit.runners.ParentRunner.run(ParentRunner.java:413)\n\tat io.cucumber.junit.FeatureRunner.run(FeatureRunner.java:137)\n\tat io.cucumber.junit.Cucumber.runChild(Cucumber.java:196)\n\tat io.cucumber.junit.Cucumber.runChild(Cucumber.java:89)\n\tat org.junit.runners.ParentRunner$4.run(ParentRunner.java:331)\n\tat org.junit.runners.ParentRunner$1.schedule(ParentRunner.java:79)\n\tat org.junit.runners.ParentRunner.runChildren(ParentRunner.java:329)\n\tat org.junit.runners.ParentRunner.access$100(ParentRunner.java:66)\n\tat org.junit.runners.ParentRunner$2.evaluate(ParentRunner.java:293)\n\tat io.cucumber.core.runtime.CucumberExecutionContext.lambda$runFeatures$6(CucumberExecutionContext.java:148)\n\tat io.cucumber.core.runtime.CucumberExecutionContext.execute(CucumberExecutionContext.java:163)\n\tat io.cucumber.core.runtime.CucumberExecutionContext.runFeatures(CucumberExecutionContext.java:146)\n\tat io.cucumber.junit.Cucumber$StartAndFinishTestRun.evaluate(Cucumber.java:226)\n\tat org.junit.runners.ParentRunner$3.evaluate(ParentRunner.java:306)\n\tat org.junit.runners.ParentRunner.run(ParentRunner.java:413)\n\tat org.apache.maven.surefire.junit4.JUnit4Provider.execute(JUnit4Provider.java:316)\n\tat org.apache.maven.surefire.junit4.JUnit4Provider.executeWithRerun(JUnit4Provider.java:240)\n\tat org.apache.maven.surefire.junit4.JUnit4Provider.executeTestSet(JUnit4Provider.java:214)\n\tat org.apache.maven.surefire.junit4.JUnit4Provider.invoke(JUnit4Provider.java:155)\n\tat org.apache.maven.surefire.booter.ForkedBooter.runSuitesInProcess(ForkedBooter.java:385)\n\tat org.apache.maven.surefire.booter.ForkedBooter.execute(ForkedBooter.java:162)\n\tat org.apache.maven.surefire.booter.ForkedBooter.run(ForkedBooter.java:507)\n\tat org.apache.maven.surefire.booter.ForkedBooter.main(ForkedBooter.java:495)\n"},"stage":"finished","steps":[],"attachments":[],"parameters":[],"start":1720377862617,"stop":1720377865438},{"name":"Then  Status code should be 200","status":"skipped","statusDetails":{"known":false,"muted":false,"flaky":false},"stage":"finished","steps":[],"attachments":[],"parameters":[],"start":1720377865439,"stop":1720377865440},{"name":"And  Response body should have \"enabled\"","status":"skipped","statusDetails":{"known":false,"muted":false,"flaky":false},"stage":"finished","steps":[],"attachments":[],"parameters":[],"start":1720377865440,"stop":1720377865441}],"attachments":[],"parameters":[],"start":1720377862608,"stop":1720377865448}